<?xml version="1.0" encoding="UTF-8"?>
<testng-results ignored="0" total="1" passed="1" failed="0" skipped="0">
  <reporter-output>
  </reporter-output>
  <suite started-at="2024-05-29T01:04:48 IST" name="Suite" finished-at="2024-05-29T01:04:48 IST" duration-ms="77">
    <groups>
    </groups>
    <test started-at="2024-05-29T01:04:48 IST" name="Test" finished-at="2024-05-29T01:04:48 IST" duration-ms="77">
      <class name="sample.sampleclass">
        <test-method signature="sample()[pri:0, instance:sample.sampleclass@10959ece]" started-at="2024-05-29T01:04:48 IST" name="sample" finished-at="2024-05-29T01:04:48 IST" duration-ms="12" status="PASS">
          <reporter-output>
          </reporter-output>
        </test-method> <!-- sample -->
      </class> <!-- sample.sampleclass -->
    </test> <!-- Test -->
  </suite> <!-- Suite -->
</testng-results>
